生成启动时间为 2018/10/26 21:27:38。
     1>项目“D:\Mactor CODE\Projects\CrackClouder2.03\CrackClouder2.03\CrackClouder2.03.vcxproj”在节点 2 上(Rebuild 个目标)。
     1>ClCompile:
         C:\Program Files (x86)\Microsoft Visual Studio 12.0\VC\bin\CL.exe /c /ZI /nologo /W3 /WX- /Od /Oy- /D WIN32 /D _WINDOWS /D _DEBUG /D _UNICODE /D UNICODE /Gm /EHsc /RTC1 /MTd /GS /fp:precise /Zc:wchar_t /Zc:forScope /Yc"stdafx.h" /Fp"Debug\CrackClouder2.03.pch" /Fo"Debug\\" /Fd"Debug\vc120.pdb" /Gd /TP /analyze- /errorReport:prompt stdafx.cpp
         stdafx.cpp
         C:\Program Files (x86)\Microsoft Visual Studio 12.0\VC\bin\CL.exe /c /ZI /nologo /W3 /WX- /Od /Oy- /D WIN32 /D _WINDOWS /D _DEBUG /D _UNICODE /D UNICODE /Gm /EHsc /RTC1 /MTd /GS /fp:precise /Zc:wchar_t /Zc:forScope /Yu"stdafx.h" /Fp"Debug\CrackClouder2.03.pch" /Fo"Debug\\" /Fd"Debug\vc120.pdb" /Gd /TP /analyze- /errorReport:prompt CaboutDlg.cpp CrackClouder2.03.cpp CrackClouder2.03Dlg.cpp GxDlg.cpp
         GxDlg.cpp
         CrackClouder2.03Dlg.cpp
         CrackClouder2.03.cpp
         CaboutDlg.cpp
         正在生成代码...
       ResourceCompile:
         C:\Program Files (x86)\Windows Kits\8.1\bin\x86\rc.exe /D _DEBUG /D _UNICODE /D UNICODE /l"0x0804" /IDebug\ /nologo /fo"Debug\CrackClouder2.03.res" CrackClouder2.03.rc 
       Link:
         C:\Program Files (x86)\Microsoft Visual Studio 12.0\VC\bin\link.exe /ERRORREPORT:PROMPT /OUT:"D:\Mactor CODE\Projects\CrackClouder2.03\Debug\CrackClouder2.03.exe" /INCREMENTAL /NOLOGO /MANIFEST /MANIFESTUAC:"level='asInvoker' uiAccess='false'" /manifest:embed /manifestinput:"C:\Program Files (x86)\Microsoft Visual Studio 12.0\VC\Include\Manifest\dpiaware.manifest" /DEBUG /PDB:"D:\Mactor CODE\Projects\CrackClouder2.03\Debug\CrackClouder2.03.pdb" /SUBSYSTEM:WINDOWS /TLBID:1 /ENTRY:"wWinMainCRTStartup" /DYNAMICBASE /NXCOMPAT /IMPLIB:"D:\Mactor CODE\Projects\CrackClouder2.03\Debug\CrackClouder2.03.lib" /MACHINE:X86 Debug\CrackClouder2.03.res
         Debug\CaboutDlg.obj
         Debug\CrackClouder2.03.obj
         Debug\CrackClouder2.03Dlg.obj
         Debug\GxDlg.obj
         Debug\stdafx.obj
         CrackClouder2.03.vcxproj -> D:\Mactor CODE\Projects\CrackClouder2.03\Debug\CrackClouder2.03.exe
     1>已完成生成项目“D:\Mactor CODE\Projects\CrackClouder2.03\CrackClouder2.03\CrackClouder2.03.vcxproj”(Rebuild 个目标)的操作。

生成成功。

已用时间 00:00:15.37
