e:\mactor code编程\projects\crackclouder2.03\crackclouder2.03\debug\vc120.pdb
e:\mactor code编程\projects\crackclouder2.03\crackclouder2.03\debug\vc120.idb
e:\mactor code编程\projects\crackclouder2.03\crackclouder2.03\debug\crackclouder2.03.pch
e:\mactor code编程\projects\crackclouder2.03\crackclouder2.03\debug\stdafx.obj
e:\mactor code编程\projects\crackclouder2.03\crackclouder2.03\debug\crackclouder2.03.obj
e:\mactor code编程\projects\crackclouder2.03\crackclouder2.03\debug\crackclouder2.03dlg.obj
e:\mactor code编程\projects\crackclouder2.03\crackclouder2.03\debug\caboutdlg.obj
e:\mactor code编程\projects\crackclouder2.03\crackclouder2.03\debug\gxdlg.obj
e:\mactor code编程\projects\crackclouder2.03\debug\crackclouder2.03.ilk
e:\mactor code编程\projects\crackclouder2.03\debug\crackclouder2.03.exe
e:\mactor code编程\projects\crackclouder2.03\debug\crackclouder2.03.pdb
e:\mactor code编程\projects\crackclouder2.03\crackclouder2.03\debug\crackclouder2.03.res
d:\mactor code\projects\crackclouder2.03\crackclouder2.03\debug\caboutdlg.obj
d:\mactor code\projects\crackclouder2.03\crackclouder2.03\debug\crackclouder2.03.obj
d:\mactor code\projects\crackclouder2.03\crackclouder2.03\debug\crackclouder2.03dlg.obj
d:\mactor code\projects\crackclouder2.03\crackclouder2.03\debug\gxdlg.obj
d:\mactor code\projects\crackclouder2.03\crackclouder2.03\debug\stdafx.obj
d:\mactor code\projects\crackclouder2.03\crackclouder2.03\debug\crackclouder2.03.res
d:\mactor code\projects\crackclouder2.03\crackclouder2.03\debug\crackclouder2.03.pch
d:\mactor code\projects\crackclouder2.03\crackclouder2.03\debug\vc120.idb
d:\mactor code\projects\crackclouder2.03\crackclouder2.03\debug\vc120.pdb
d:\mactor code\projects\crackclouder2.03\debug\crackclouder2.03.pdb
d:\mactor code\projects\crackclouder2.03\debug\crackclouder2.03.exe
d:\mactor code\projects\crackclouder2.03\debug\crackclouder2.03.ilk
d:\mactor code\projects\crackclouder2.03\crackclouder2.03\debug\crackclouder2.03.tlog\cl.command.1.tlog
d:\mactor code\projects\crackclouder2.03\crackclouder2.03\debug\crackclouder2.03.tlog\cl.read.1.tlog
d:\mactor code\projects\crackclouder2.03\crackclouder2.03\debug\crackclouder2.03.tlog\cl.write.1.tlog
d:\mactor code\projects\crackclouder2.03\crackclouder2.03\debug\crackclouder2.03.tlog\link.command.1.tlog
d:\mactor code\projects\crackclouder2.03\crackclouder2.03\debug\crackclouder2.03.tlog\link.read.1.tlog
d:\mactor code\projects\crackclouder2.03\crackclouder2.03\debug\crackclouder2.03.tlog\link.write.1.tlog
d:\mactor code\projects\crackclouder2.03\crackclouder2.03\debug\crackclouder2.03.tlog\rc.command.1.tlog
d:\mactor code\projects\crackclouder2.03\crackclouder2.03\debug\crackclouder2.03.tlog\rc.read.1.tlog
d:\mactor code\projects\crackclouder2.03\crackclouder2.03\debug\crackclouder2.03.tlog\rc.write.1.tlog
